Log file open, 07/25/18 09:29:11
LogWindows: Failed to load 'aqProf.dll' (GetLastError=126)
LogWindows: File 'aqProf.dll' does not exist
LogWindows: Failed to load 'VtuneApi.dll' (GetLastError=126)
LogWindows: File 'VtuneApi.dll' does not exist
LogWindows: Failed to load 'VtuneApi32e.dll' (GetLastError=126)
LogWindows: File 'VtuneApi32e.dll' does not exist
LogInit: Display: Running engine for game: SettingsMenu
LogPlatformFile: Not using cached read wrapper
LogInit: Display: RandInit(-17686189) SRandInit(-17686188).
LogInit: Read version file with build ID '3944462'
LogInit: Overriding engine version to CL 4033788, compatible CL 3944462
LogInit: Registered custom module enumerator with build ID '3944462'
LogTaskGraph: Started task graph with 5 named threads and 11 total threads with 3 sets of task threads.
LogStats: Stats thread started at 0.247877
LogD3D11RHI: Aftermath initialized
LogICUInternationalization: Display: ICU TimeZone Detection - Raw Offset: -3:00, Platform Override: ''
LogModuleManager: Display: Found up-to-date module file ../../../Engine/Plugins/2D/Paper2D/Binaries/Win64/UE4Editor-Paper2D.dll (API version 3944462).
LogModuleManager: Display: Found up-to-date module file ../../../Engine/Plugins/2D/Paper2D/Binaries/Win64/UE4Editor-Paper2DEditor.dll (API version 3944462).
LogModuleManager: Display: Found up-to-date module file ../../../Engine/Plugins/2D/Paper2D/Binaries/Win64/UE4Editor-PaperSpriteSheetImporter.dll (API version 3944462).
LogModuleManager: Display: Found up-to-date module file ../../../Engine/Plugins/2D/Paper2D/Binaries/Win64/UE4Editor-PaperTiledImporter.dll (API version 3944462).
LogModuleManager: Display: Found up-to-date module file ../../../Engine/Plugins/2D/Paper2D/Binaries/Win64/UE4Editor-SmartSnapping.dll (API version 3944462).
LogModuleManager: Display: Found up-to-date module file ../../../Engine/Plugins/Blendables/LightPropagationVolume/Binaries/Win64/UE4Editor-LightPropagationVolumeRuntime.dll (API version 3944462).
LogModuleManager: Display: Found up-to-date module file ../../../Engine/Plugins/Blendables/LightPropagationVolume/Binaries/Win64/UE4Editor-LightPropagationVolumeEditor.dll (API version 3944462).
LogModuleManager: Display: Found up-to-date module file ../../../Engine/Plugins/Developer/CLionSourceCodeAccess/Binaries/Win64/UE4Editor-CLionSourceCodeAccess.dll (API version 3944462).
LogModuleManager: Display: Found up-to-date module file ../../../Engine/Plugins/Developer/GitSourceControl/Binaries/Win64/UE4Editor-GitSourceControl.dll (API version 3944462).
LogModuleManager: Display: Found up-to-date module file ../../../Engine/Plugins/Developer/PerforceSourceControl/Binaries/Win64/UE4Editor-PerforceSourceControl.dll (API version 3944462).
LogModuleManager: Display: Found up-to-date module file ../../../Engine/Plugins/Developer/SubversionSourceControl/Binaries/Win64/UE4Editor-SubversionSourceControl.dll (API version 3944462).
LogModuleManager: Display: Found up-to-date module file ../../../Engine/Plugins/Developer/UObjectPlugin/Binaries/Win64/UE4Editor-UObjectPlugin.dll (API version 3944462).
LogModuleManager: Display: Found up-to-date module file ../../../Engine/Plugins/Developer/VisualStudioCodeSourceCodeAccess/Binaries/Win64/UE4Editor-VisualStudioCodeSourceCodeAccess.dll (API version 3944462).
LogModuleManager: Display: Found up-to-date module file ../../../Engine/Plugins/Developer/VisualStudioSourceCodeAccess/Binaries/Win64/UE4Editor-VisualStudioSourceCodeAccess.dll (API version 3944462).
LogModuleManager: Display: Found up-to-date module file ../../../Engine/Plugins/Editor/AssetManagerEditor/Binaries/Win64/UE4Editor-AssetManagerEditor.dll (API version 3944462).
LogModuleManager: Display: Found up-to-date module file ../../../Engine/Plugins/Editor/CryptoKeys/Binaries/Win64/UE4Editor-CryptoKeys.dll (API version 3944462).
LogModuleManager: Display: Found up-to-date module file ../../../Engine/Plugins/Editor/CryptoKeys/Binaries/Win64/UE4Editor-CryptoKeysOpenSSL.dll (API version 3944462).
LogModuleManager: Display: Found up-to-date module file ../../../Engine/Plugins/Editor/DataValidation/Binaries/Win64/UE4Editor-DataValidation.dll (API version 3944462).
LogModuleManager: Display: Found up-to-date module file ../../../Engine/Plugins/Editor/FacialAnimation/Binaries/Win64/UE4Editor-FacialAnimation.dll (API version 3944462).
LogModuleManager: Display: Found up-to-date module file ../../../Engine/Plugins/Editor/FacialAnimation/Binaries/Win64/UE4Editor-FacialAnimationEditor.dll (API version 3944462).
LogModuleManager: Display: Found up-to-date module file ../../../Engine/Plugins/Editor/GameplayTagsEditor/Binaries/Win64/UE4Editor-GameplayTagsEditor.dll (API version 3944462).
LogModuleManager: Display: Found up-to-date module file ../../../Engine/Plugins/Editor/MobileLauncherProfileWizard/Binaries/Win64/UE4Editor-MobileLauncherProfileWizard.dll (API version 3944462).
LogModuleManager: Display: Found up-to-date module file ../../../Engine/Plugins/Editor/PluginBrowser/Binaries/Win64/UE4Editor-PluginBrowser.dll (API version 3944462).
LogModuleManager: Display: Found up-to-date module file ../../../Engine/Plugins/Editor/SpeedTreeImporter/Binaries/Win64/UE4Editor-SpeedTreeImporter.dll (API version 3944462).
LogModuleManager: Display: Found up-to-date module file ../../../Engine/Plugins/Enterprise/DatasmithContent/Binaries/Win64/UE4Editor-DatasmithContent.dll (API version 3944462).
LogModuleManager: Display: Found up-to-date module file ../../../Engine/Plugins/Experimental/AlembicImporter/Binaries/Win64/UE4Editor-AlembicImporter.dll (API version 3944462).
LogModuleManager: Display: Found up-to-date module file ../../../Engine/Plugins/Experimental/AlembicImporter/Binaries/Win64/UE4Editor-AlembicLibrary.dll (API version 3944462).
LogModuleManager: Display: Found up-to-date module file ../../../Engine/Plugins/Experimental/CharacterAI/Binaries/Win64/UE4Editor-CharacterAI.dll (API version 3944462).
LogModuleManager: Display: Found up-to-date module file ../../../Engine/Plugins/Experimental/HTML5Networking/Binaries/Win64/UE4Editor-HTML5Networking.dll (API version 3944462).
LogModuleManager: Display: Found up-to-date module file ../../../Engine/Plugins/Media/AndroidMedia/Binaries/Win64/UE4Editor-AndroidMediaEditor.dll (API version 3944462).
LogModuleManager: Display: Found up-to-date module file ../../../Engine/Plugins/Media/AndroidMedia/Binaries/Win64/UE4Editor-AndroidMediaFactory.dll (API version 3944462).
LogModuleManager: Display: Found up-to-date module file ../../../Engine/Plugins/Media/AvfMedia/Binaries/Win64/UE4Editor-AvfMediaEditor.dll (API version 3944462).
LogModuleManager: Display: Found up-to-date module file ../../../Engine/Plugins/Media/AvfMedia/Binaries/Win64/UE4Editor-AvfMediaFactory.dll (API version 3944462).
LogModuleManager: Display: Found up-to-date module file ../../../Engine/Plugins/Media/AvfMedia/Binaries/Win64/UE4Editor-AvfMediaFactory.dll (API version 3944462).
LogModuleManager: Display: Found up-to-date module file ../../../Engine/Plugins/Media/ImgMedia/Binaries/Win64/UE4Editor-ImgMedia.dll (API version 3944462).
LogModuleManager: Display: Found up-to-date module file ../../../Engine/Plugins/Media/ImgMedia/Binaries/Win64/UE4Editor-ImgMediaEditor.dll (API version 3944462).
LogModuleManager: Display: Found up-to-date module file ../../../Engine/Plugins/Media/ImgMedia/Binaries/Win64/UE4Editor-ImgMediaFactory.dll (API version 3944462).
LogModuleManager: Display: Found up-to-date module file ../../../Engine/Plugins/Media/ImgMedia/Binaries/Win64/UE4Editor-ImgMediaFactory.dll (API version 3944462).
LogModuleManager: Display: Found up-to-date module file ../../../Engine/Plugins/Media/ImgMedia/Binaries/Win64/UE4Editor-OpenExrWrapper.dll (API version 3944462).
LogModuleManager: Display: Found up-to-date module file ../../../Engine/Plugins/Media/LinearTimecode/Binaries/Win64/UE4Editor-LinearTimecode.dll (API version 3944462).
LogModuleManager: Display: Found up-to-date module file ../../../Engine/Plugins/Media/MediaCompositing/Binaries/Win64/UE4Editor-MediaCompositing.dll (API version 3944462).
LogModuleManager: Display: Found up-to-date module file ../../../Engine/Plugins/Media/MediaCompositing/Binaries/Win64/UE4Editor-MediaCompositingEditor.dll (API version 3944462).
LogModuleManager: Display: Found up-to-date module file ../../../Engine/Plugins/Media/MediaPlayerEditor/Binaries/Win64/UE4Editor-MediaPlayerEditor.dll (API version 3944462).
LogModuleManager: Display: Found up-to-date module file ../../../Engine/Plugins/Media/WmfMedia/Binaries/Win64/UE4Editor-WmfMedia.dll (API version 3944462).
LogModuleManager: Display: Found up-to-date module file ../../../Engine/Plugins/Media/WmfMedia/Binaries/Win64/UE4Editor-WmfMediaEditor.dll (API version 3944462).
LogModuleManager: Display: Found up-to-date module file ../../../Engine/Plugins/Media/WmfMedia/Binaries/Win64/UE4Editor-WmfMediaFactory.dll (API version 3944462).
LogModuleManager: Display: Found up-to-date module file ../../../Engine/Plugins/Media/WmfMedia/Binaries/Win64/UE4Editor-WmfMediaFactory.dll (API version 3944462).
LogModuleManager: Display: Found up-to-date module file ../../../Engine/Plugins/Messaging/TcpMessaging/Binaries/Win64/UE4Editor-TcpMessaging.dll (API version 3944462).
LogModuleManager: Display: Found up-to-date module file ../../../Engine/Plugins/Messaging/UdpMessaging/Binaries/Win64/UE4Editor-UdpMessaging.dll (API version 3944462).
LogModuleManager: Display: Found up-to-date module file ../../../Engine/Plugins/MovieScene/ActorSequence/Binaries/Win64/UE4Editor-ActorSequence.dll (API version 3944462).
LogModuleManager: Display: Found up-to-date module file ../../../Engine/Plugins/MovieScene/LevelSequenceEditor/Binaries/Win64/UE4Editor-LevelSequenceEditor.dll (API version 3944462).
LogModuleManager: Display: Found up-to-date module file ../../../Engine/Plugins/MovieScene/MatineeToLevelSequence/Binaries/Win64/UE4Editor-MatineeToLevelSequence.dll (API version 3944462).
LogModuleManager: Display: Found up-to-date module file ../../../Engine/Plugins/NetcodeUnitTest/NetcodeUnitTest/Binaries/Win64/UE4Editor-NetcodeUnitTest.dll (API version 3944462).
LogModuleManager: Display: Found up-to-date module file ../../../Engine/Plugins/NetcodeUnitTest/NUTUnrealEngine4/Binaries/Win64/UE4Editor-NUTUnrealEngine4.dll (API version 3944462).
LogModuleManager: Display: Found up-to-date module file ../../../Engine/Plugins/Online/OnlineSubsystem/Binaries/Win64/UE4Editor-OnlineSubsystem.dll (API version 3944462).
LogModuleManager: Display: Found up-to-date module file ../../../Engine/Plugins/Runtime/AndroidPermission/Binaries/Win64/UE4Editor-AndroidPermission.dll (API version 3944462).
LogModuleManager: Display: Found up-to-date module file ../../../Engine/Plugins/Online/OnlineSubsystemNull/Binaries/Win64/UE4Editor-OnlineSubsystemNull.dll (API version 3944462).
LogModuleManager: Display: Found up-to-date module file ../../../Engine/Plugins/Online/OnlineSubsystemUtils/Binaries/Win64/UE4Editor-OnlineSubsystemUtils.dll (API version 3944462).
LogModuleManager: Display: Found up-to-date module file ../../../Engine/Plugins/Online/OnlineSubsystemUtils/Binaries/Win64/UE4Editor-OnlineBlueprintSupport.dll (API version 3944462).
LogModuleManager: Display: Found up-to-date module file ../../../Engine/Plugins/Runtime/AndroidDeviceProfileSelector/Binaries/Win64/UE4Editor-AndroidDeviceProfileSelector.dll (API version 3944462).
LogModuleManager: Display: Found up-to-date module file ../../../Engine/Plugins/Runtime/AppleARKit/Binaries/Win64/UE4Editor-AppleARKit.dll (API version 3944462).
LogModuleManager: Display: Found up-to-date module file ../../../Engine/Plugins/Runtime/ProceduralMeshComponent/Binaries/Win64/UE4Editor-ProceduralMeshComponent.dll (API version 3944462).
LogModuleManager: Display: Found up-to-date module file ../../../Engine/Plugins/Runtime/ProceduralMeshComponent/Binaries/Win64/UE4Editor-ProceduralMeshComponentEditor.dll (API version 3944462).
LogModuleManager: Display: Found up-to-date module file ../../../Engine/Plugins/Animation/LiveLink/Binaries/Win64/UE4Editor-LiveLink.dll (API version 3944462).
LogModuleManager: Display: Found up-to-date module file ../../../Engine/Plugins/Animation/LiveLink/Binaries/Win64/UE4Editor-LiveLinkEditor.dll (API version 3944462).
LogModuleManager: Display: Found up-to-date module file ../../../Engine/Plugins/Runtime/ArchVisCharacter/Binaries/Win64/UE4Editor-ArchVisCharacter.dll (API version 3944462).
LogModuleManager: Display: Found up-to-date module file ../../../Engine/Plugins/Runtime/AudioCapture/Binaries/Win64/UE4Editor-AudioCapture.dll (API version 3944462).
LogModuleManager: Display: Found up-to-date module file ../../../Engine/Plugins/Runtime/AudioCapture/Binaries/Win64/UE4Editor-AudioCaptureEditor.dll (API version 3944462).
LogModuleManager: Display: Found up-to-date module file ../../../Engine/Plugins/Runtime/CableComponent/Binaries/Win64/UE4Editor-CableComponent.dll (API version 3944462).
LogModuleManager: Display: Found up-to-date module file ../../../Engine/Plugins/Runtime/CustomMeshComponent/Binaries/Win64/UE4Editor-CustomMeshComponent.dll (API version 3944462).
LogModuleManager: Display: Found up-to-date module file ../../../Engine/Plugins/Runtime/ExampleDeviceProfileSelector/Binaries/Win64/UE4Editor-ExampleDeviceProfileSelector.dll (API version 3944462).
LogModuleManager: Display: Found up-to-date module file ../../../Engine/Plugins/Runtime/ImmediatePhysics/Binaries/Win64/UE4Editor-ImmediatePhysics.dll (API version 3944462).
LogModuleManager: Display: Found up-to-date module file ../../../Engine/Plugins/Runtime/ImmediatePhysics/Binaries/Win64/UE4Editor-ImmediatePhysicsEditor.dll (API version 3944462).
LogModuleManager: Display: Found up-to-date module file ../../../Engine/Plugins/Runtime/LocationServicesBPLibrary/Binaries/Win64/UE4Editor-LocationServicesBPLibrary.dll (API version 3944462).
LogModuleManager: Display: Found up-to-date module file ../../../Engine/Plugins/Runtime/MobilePatchingUtils/Binaries/Win64/UE4Editor-MobilePatchingUtils.dll (API version 3944462).
LogModuleManager: Display: Found up-to-date module file ../../../Engine/Plugins/Runtime/Oculus/OculusVR/Binaries/Win64/UE4Editor-OculusHMD.dll (API version 3944462).
LogModuleManager: Display: Found up-to-date module file ../../../Engine/Plugins/Runtime/Oculus/OculusVR/Binaries/Win64/UE4Editor-OculusInput.dll (API version 3944462).
LogModuleManager: Display: Found up-to-date module file ../../../Engine/Plugins/Runtime/Oculus/OculusVR/Binaries/Win64/UE4Editor-OculusEditor.dll (API version 3944462).
LogModuleManager: Display: Found up-to-date module file ../../../Engine/Plugins/Runtime/PhysXVehicles/Binaries/Win64/UE4Editor-PhysXVehicles.dll (API version 3944462).
LogModuleManager: Display: Found up-to-date module file ../../../Engine/Plugins/Runtime/PhysXVehicles/Binaries/Win64/UE4Editor-PhysXVehiclesEditor.dll (API version 3944462).
LogModuleManager: Display: Found up-to-date module file ../../../Engine/Plugins/Runtime/RuntimePhysXCooking/Binaries/Win64/UE4Editor-RuntimePhysXCooking.dll (API version 3944462).
LogModuleManager: Display: Found up-to-date module file ../../../Engine/Plugins/Runtime/Steam/SteamVR/Binaries/Win64/UE4Editor-SteamVR.dll (API version 3944462).
LogModuleManager: Display: Found up-to-date module file ../../../Engine/Plugins/Runtime/Steam/SteamVR/Binaries/Win64/UE4Editor-SteamVRController.dll (API version 3944462).
LogModuleManager: Display: Found up-to-date module file ../../../Engine/Plugins/Runtime/WindowsMoviePlayer/Binaries/Win64/UE4Editor-WindowsMoviePlayer.dll (API version 3944462).
LogModuleManager: Display: Found up-to-date module file ../../../Engine/Plugins/StreetMap/Binaries/Win64/UE4Editor-StreetMapRuntime.dll (API version 3944462).
LogModuleManager: Display: Found up-to-date module file ../../../Engine/Plugins/StreetMap/Binaries/Win64/UE4Editor-StreetMapImporting.dll (API version 3944462).
LogPluginManager: Mounting plugin Paper2D
LogPluginManager: Mounting plugin LiveLink
LogPluginManager: Mounting plugin LightPropagationVolume
LogPluginManager: Mounting plugin CLionSourceCodeAccess
LogPluginManager: Mounting plugin CodeLiteSourceCodeAccess
LogPluginManager: Mounting plugin GitSourceControl
LogPluginManager: Mounting plugin KDevelopSourceCodeAccess
LogPluginManager: Mounting plugin NullSourceCodeAccess
LogPluginManager: Mounting plugin PerforceSourceControl
LogPluginManager: Mounting plugin SubversionSourceControl
LogPluginManager: Mounting plugin UObjectPlugin
LogPluginManager: Mounting plugin VisualStudioCodeSourceCodeAccess
LogPluginManager: Mounting plugin VisualStudioSourceCodeAccess
LogPluginManager: Mounting plugin XCodeSourceCodeAccess
LogPluginManager: Mounting plugin AssetManagerEditor
LogPluginManager: Mounting plugin CryptoKeys
LogPluginManager: Mounting plugin DataValidation
LogPluginManager: Mounting plugin FacialAnimation
LogPluginManager: Mounting plugin GameplayTagsEditor
LogPluginManager: Mounting plugin MobileLauncherProfileWizard
LogPluginManager: Mounting plugin PluginBrowser
LogPluginManager: Mounting plugin SpeedTreeImporter
LogPluginManager: Mounting plugin DatasmithContent
LogPluginManager: Mounting plugin AlembicImporter
LogPluginManager: Mounting plugin CharacterAI
LogPluginManager: Mounting plugin HTML5Networking
LogPluginManager: Mounting plugin AndroidMedia
LogPluginManager: Mounting plugin AvfMedia
LogPluginManager: Mounting plugin ImgMedia
LogPluginManager: Mounting plugin LinearTimecode
LogPluginManager: Mounting plugin MediaCompositing
LogPluginManager: Mounting plugin MediaPlayerEditor
LogPluginManager: Mounting plugin WmfMedia
LogPluginManager: Mounting plugin TcpMessaging
LogPluginManager: Mounting plugin UdpMessaging
LogPluginManager: Mounting plugin ActorSequence
LogPluginManager: Mounting plugin LevelSequenceEditor
LogPluginManager: Mounting plugin MatineeToLevelSequence
LogPluginManager: Mounting plugin NetcodeUnitTest
LogPluginManager: Mounting plugin NUTUnrealEngine4
LogPluginManager: Mounting plugin OnlineSubsystemGooglePlay
LogPluginManager: Mounting plugin OnlineSubsystemIOS
LogPluginManager: Mounting plugin OnlineSubsystem
LogPluginManager: Mounting plugin OnlineSubsystemNull
LogPluginManager: Mounting plugin OnlineSubsystemUtils
LogPluginManager: Mounting plugin AndroidDeviceProfileSelector
LogPluginManager: Mounting plugin AndroidMoviePlayer
LogPluginManager: Mounting plugin AndroidPermission
LogPluginManager: Mounting plugin AppleARKit
LogPluginManager: Mounting plugin AppleMoviePlayer
LogPluginManager: Mounting plugin ArchVisCharacter
LogPluginManager: Mounting plugin AudioCapture
LogPluginManager: Mounting plugin CableComponent
LogPluginManager: Mounting plugin CustomMeshComponent
LogPluginManager: Mounting plugin ExampleDeviceProfileSelector
LogPluginManager: Mounting plugin GoogleCloudMessaging
LogPluginManager: Mounting plugin ImmediatePhysics
LogPluginManager: Mounting plugin IOSDeviceProfileSelector
LogPluginManager: Mounting plugin LinuxDeviceProfileSelector
LogPluginManager: Mounting plugin LocationServicesBPLibrary
LogPluginManager: Mounting plugin MobilePatchingUtils
LogPluginManager: Mounting plugin OculusVR
LogPluginManager: Plugin shader directory ../../../Engine/Plugins/Runtime/Oculus/OculusVR/Shaders found
LogPluginManager: Mapping shader source directory ../../../Engine/Plugins/Runtime/Oculus/OculusVR/Shaders to virtual directory /Plugin/OculusVR
LogPluginManager: Mounting plugin PhysXVehicles
LogPluginManager: Mounting plugin ProceduralMeshComponent
LogPluginManager: Mounting plugin RuntimePhysXCooking
LogPluginManager: Mounting plugin SteamVR
LogPluginManager: Mounting plugin WindowsMoviePlayer
LogPluginManager: Mounting plugin StreetMap
LogStreaming: Display: Took  3.432s to configure plugins.
LogInit: Using libcurl 7.47.1
LogInit:  - built for x86_64-pc-win32
LogInit:  - supports SSL with OpenSSL/1.0.2g
LogInit:  - supports HTTP deflate (compression) using libz 1.2.8
LogInit:  - other features:
LogInit:      CURL_VERSION_SSL
LogInit:      CURL_VERSION_LIBZ
LogInit:      CURL_VERSION_IPV6
LogInit:      CURL_VERSION_ASYNCHDNS
LogInit:      CURL_VERSION_LARGEFILE
LogInit:      CURL_VERSION_IDN
LogInit:  CurlRequestOptions (configurable via config and command line):
LogInit:  - bVerifyPeer = false  - Libcurl will NOT verify peer certificate
LogInit:  - bUseHttpProxy = false  - Libcurl will NOT use HTTP proxy
LogInit:  - bDontReuseConnections = false  - Libcurl will reuse connections
LogInit:  - CertBundlePath = nullptr  - Libcurl will use whatever was configured at build time.
LogInit:  - MaxHostConnections = 16  - Libcurl will limit the number of connections to a host
LogInit:  - LocalHostAddr = Default
LogInit: WinSock: version 1.1 (2.2), MaxSocks=32767, MaxUdp=65467
LogInit: WinSock: I am DESKTOP-1I2UB7I (192.168.0.101:0)
LogInit: Build: ++UE4+Release-4.19-CL-4033788
LogInit: Engine Version: 4.19.2-4033788+++UE4+Release-4.19
LogInit: Compatible Engine Version: 4.19.0-3944462+++UE4+Release-4.19
LogInit: Net CL: 3944462
LogDevObjectVersion: Number of dev versions registered: 18
LogDevObjectVersion:   Dev-Blueprints (B0D832E4-1F89-4F0D-ACCF-7EB736FD4AA2): 10
LogDevObjectVersion:   Dev-Build (E1C64328-A22C-4D53-A36C-8E866417BD8C): 0
LogDevObjectVersion:   Dev-Core (375EC13C-06E4-48FB-B500-84F0262A717E): 2
LogDevObjectVersion:   Dev-Editor (E4B068ED-F494-42E9-A231-DA0B2E46BB41): 23
LogDevObjectVersion:   Dev-Framework (CFFC743F-43B0-4480-9391-14DF171D2073): 33
LogDevObjectVersion:   Dev-Mobile (B02B49B5-BB20-44E9-A304-32B752E40360): 2
LogDevObjectVersion:   Dev-Networking (A4E4105C-59A1-49B5-A7C5-40C4547EDFEE): 0
LogDevObjectVersion:   Dev-Online (39C831C9-5AE6-47DC-9A44-9C173E1C8E7C): 0
LogDevObjectVersion:   Dev-Physics (78F01B33-EBEA-4F98-B9B4-84EACCB95AA2): 0
LogDevObjectVersion:   Dev-Platform (6631380F-2D4D-43E0-8009-CF276956A95A): 0
LogDevObjectVersion:   Dev-Rendering (12F88B9F-8875-4AFC-A67C-D90C383ABD29): 25
LogDevObjectVersion:   Dev-Sequencer (7B5AE74C-D270-4C10-A958-57980B212A5A): 6
LogDevObjectVersion:   Dev-VR (D7296918-1DD6-4BDD-9DE2-64A83CC13884): 1
LogDevObjectVersion:   Dev-LoadTimes (C2A15278-BFE7-4AFE-6C17-90FF531DF755): 1
LogDevObjectVersion:   Private-Geometry (6EACA3D4-40EC-4CC1-B786-8BED09428FC5): 2
LogDevObjectVersion:   Dev-AnimPhys (29E575DD-E0A3-4627-9D10-D276232CDCEA): 16
LogDevObjectVersion:   Dev-ReflectionCapture (6B266CEC-1EC7-4B8F-A30B-E4D90942FC07): 1
LogDevObjectVersion:   Dev-Automation (0DF73D61-A23F-47EA-B727-89E90C41499A): 1
LogInit: Compiled (64-bit): Apr 27 2018 02:06:57
LogInit: Compiled with Visual C++: 19.00.24215.01
LogInit: Build Configuration: Development
LogInit: Branch Name: ++UE4+Release-4.19
LogInit: Command Line:  
LogInit: Base Directory: C:/Games/UE_4.19/Engine/Binaries/Win64/
LogInit: Installed Engine Build: 1
LogStreaming: Display: Took  0.000s to delete old logs.
LogInit: Presizing for max 8388607 objects, including 0 objects not considered by GC, pre-allocating 0 bytes for permanent pool.
LogInit: Object subsystem initialized
[2018.07.25-12.29.14:944][  0]LogInit: Selected Device Profile: [Windows]
[2018.07.25-12.29.14:944][  0]LogInit: Applying CVar settings loaded from the selected device profile: [Windows]
[2018.07.25-12.29.14:978][  0]LogInit: Computer: DESKTOP-1I2UB7I
[2018.07.25-12.29.14:978][  0]LogInit: User: Alvarão
[2018.07.25-12.29.14:978][  0]LogInit: CPU Page size=4096, Cores=2
[2018.07.25-12.29.14:978][  0]LogInit: High frequency timer resolution =3.606725 MHz
[2018.07.25-12.29.14:979][  0]LogMemory: Memory total: Physical=6.9GB (7GB approx)
[2018.07.25-12.29.14:979][  0]LogMemory: Platform Memory Stats for Windows
[2018.07.25-12.29.14:979][  0]LogMemory: Process Physical Memory: 273.90 MB used, 273.90 MB peak
[2018.07.25-12.29.14:979][  0]LogMemory: Process Virtual Memory: 263.77 MB used, 263.77 MB peak
[2018.07.25-12.29.14:979][  0]LogMemory: Physical Memory: 3711.46 MB used,  3402.52 MB free, 7113.98 MB total
[2018.07.25-12.29.14:979][  0]LogMemory: Virtual Memory: 4779.76 MB used,  3402.52 MB free, 134217728.00 MB total
[2018.07.25-12.29.15:205][  0]LogInit: Overriding language with editor language configuration option (en).
[2018.07.25-12.29.15:205][  0]LogInit: Overriding locale with editor locale configuration option (pt).
[2018.07.25-12.29.15:951][  0]LogStreaming: Display: Took  0.746s to EndInitTextLocalization.
[2018.07.25-12.29.15:952][  0]LogInit: Setting process to per monitor DPI aware
[2018.07.25-12.29.16:091][  0]LogSlate: New Slate User Created.  User Index 0, Is Virtual User: 0
[2018.07.25-12.29.16:091][  0]LogSlate: Slate User Registered.  User Index 0, Is Virtual User: 0
[2018.07.25-12.29.20:032][  0]LogD3D11RHI: D3D11 adapters:
[2018.07.25-12.29.20:061][  0]LogD3D11RHI:    0. 'AMD Radeon(TM) R7 Graphics' (Feature Level 11_0)
[2018.07.25-12.29.20:061][  0]LogD3D11RHI:       991/0/3556 MB DedicatedVideo/DedicatedSystem/SharedSystem, Outputs:1, VendorId:0x1002
[2018.07.25-12.29.20:065][  0]LogD3D11RHI:    1. 'Microsoft Basic Render Driver' (Feature Level 11_0)
[2018.07.25-12.29.20:065][  0]LogD3D11RHI:       0/0/3556 MB DedicatedVideo/DedicatedSystem/SharedSystem, Outputs:0, VendorId:0x1414
[2018.07.25-12.29.20:065][  0]LogD3D11RHI: Chosen D3D11 Adapter: 0
[2018.07.25-12.29.20:073][  0]LogD3D11RHI: Creating new Direct3DDevice
[2018.07.25-12.29.20:074][  0]LogD3D11RHI:     GPU DeviceId: 0x130f (for the marketing name, search the web for "GPU Device Id")
[2018.07.25-12.29.20:074][  0]LogWindows: EnumDisplayDevices:
[2018.07.25-12.29.20:074][  0]LogWindows:    0. 'AMD Radeon(TM) R7 Graphics' (P:1 D:1)
[2018.07.25-12.29.20:074][  0]LogWindows:    1. 'AMD Radeon(TM) R7 Graphics' (P:0 D:0)
[2018.07.25-12.29.20:074][  0]LogWindows:    2. 'AMD Radeon(TM) R7 Graphics' (P:0 D:0)
[2018.07.25-12.29.20:074][  0]LogWindows:    3. 'AMD Radeon(TM) R7 Graphics' (P:0 D:0)
[2018.07.25-12.29.20:075][  0]LogWindows: DebugString: GetVideoDriverDetailsInvalid PrimaryIsNotTheChoosenAdapter GetVideoDriverDetailsInvalid PrimaryIsNotTheChoosenAdapter GetVideoDriverDetailsInvalid PrimaryIsNotTheChoosenAdapter GetVideoDriverDetailsInvalid PrimaryIsNotTheChoosenAdapter FoundDriverCount:0 
[2018.07.25-12.29.20:075][  0]LogD3D11RHI:     Adapter Name: AMD Radeon(TM) R7 Graphics
[2018.07.25-12.29.20:075][  0]LogD3D11RHI:   Driver Version: Unknown (internal:Unknown, unified:Unknown)
[2018.07.25-12.29.20:075][  0]LogD3D11RHI:      Driver Date: Unknown
[2018.07.25-12.29.20:075][  0]LogRHI: Texture pool is 693 MB (70% of 991 MB)
[2018.07.25-12.29.20:120][  0]LogD3D11RHI: Async texture creation enabled
[2018.07.25-12.29.20:133][  0]LogD3D11RHI: GPU Timing Frequency: 100.000000 (Debug: 2 1)
[2018.07.25-12.29.20:134][  0]LogShaderCompilers: Guid format shader working directory is -28 characters bigger than the processId version (../../../../../Users/Alvarão/Documents/GitHub/Settings-Menu-UE4/SettingsMenu/Intermediate/Shaders/WorkingDirectory/8900/).
[2018.07.25-12.29.20:135][  0]LogShaderCompilers: Cleaned the shader compiler working directory 'C:/Users/Alvarão/AppData/Local/Temp/UnrealShaderWorkingDir/D577C2BB462B95222ED745A05B6F8BC3/'.
[2018.07.25-12.29.21:094][  0]LogTemp: Display: Loaded TP AllDesktopTargetPlatform
[2018.07.25-12.29.21:117][  0]LogTemp: Display: Loaded TP MacClientTargetPlatform
[2018.07.25-12.29.21:138][  0]LogTemp: Display: Loaded TP MacNoEditorTargetPlatform
[2018.07.25-12.29.21:161][  0]LogTemp: Display: Loaded TP MacServerTargetPlatform
[2018.07.25-12.29.21:191][  0]LogTemp: Display: Loaded TP MacTargetPlatform
[2018.07.25-12.29.21:214][  0]LogTemp: Display: Loaded TP WindowsClientTargetPlatform
[2018.07.25-12.29.21:236][  0]LogTemp: Display: Loaded TP WindowsNoEditorTargetPlatform
[2018.07.25-12.29.21:259][  0]LogTemp: Display: Loaded TP WindowsServerTargetPlatform
[2018.07.25-12.29.21:269][  0]LogTemp: Display: Loaded TP WindowsTargetPlatform
[2018.07.25-12.29.21:291][  0]LogTemp: Display: Loaded TP Android_ASTCTargetPlatform
[2018.07.25-12.29.21:313][  0]LogTemp: Display: Loaded TP Android_ATCTargetPlatform
[2018.07.25-12.29.21:332][  0]LogTemp: Display: Loaded TP Android_DXTTargetPlatform
[2018.07.25-12.29.21:351][  0]LogTemp: Display: Loaded TP Android_ETC1aTargetPlatform
[2018.07.25-12.29.21:369][  0]LogTemp: Display: Loaded TP Android_ETC1TargetPlatform
[2018.07.25-12.29.21:389][  0]LogTemp: Display: Loaded TP Android_ETC2TargetPlatform
[2018.07.25-12.29.21:431][  0]LogTemp: Display: Loaded TP Android_MultiTargetPlatform
[2018.07.25-12.29.21:431][  0]LogTemp: Display: Loaded TP Android_PVRTCTargetPlatform
[2018.07.25-12.29.21:459][  0]LogTemp: Display: Loaded TP AndroidTargetPlatform
[2018.07.25-12.29.21:462][  0]LogTemp: Display: Loaded TP HTML5TargetPlatform
[2018.07.25-12.29.21:547][  0]LogTemp: Display: Loaded TP IOSTargetPlatform
[2018.07.25-12.29.21:564][  0]LogTemp: Display: Loaded TP TVOSTargetPlatform
[2018.07.25-12.29.21:586][  0]LogTemp: Display: Loaded TP LinuxClientTargetPlatform
[2018.07.25-12.29.21:605][  0]LogTemp: Display: Loaded TP LinuxNoEditorTargetPlatform
[2018.07.25-12.29.21:626][  0]LogTemp: Display: Loaded TP LinuxServerTargetPlatform
[2018.07.25-12.29.21:656][  0]LogTemp: Display: Loaded TP LinuxTargetPlatform
[2018.07.25-12.29.21:656][  0]LogTargetPlatformManager: Display: Building Assets For Windows
[2018.07.25-12.29.22:173][  0]LogXGEController: Cleaning working directory: C:/Users/Alvarão/AppData/Local/Temp/UnrealXGEWorkingDir/
[2018.07.25-12.29.22:173][  0]LogXGEController: Cannot use XGE Controller as Incredibuild is not installed on this machine.
[2018.07.25-12.29.22:173][  0]LogShaderCompilers: Cannot use XGE Shader Compiler as Incredibuild is not installed on this machine.
[2018.07.25-12.29.22:173][  0]LogShaderCompilers: Display: Using Local Shader Compiler.
[2018.07.25-12.29.25:682][  0]LogDerivedDataCache: Display: Max Cache Size: 512 MB
[2018.07.25-12.29.25:881][  0]LogDerivedDataCache: Loaded boot cache 0.20s 74MB C:/Users/Alvarão/AppData/Local/UnrealEngine/4.19/DerivedDataCache/Boot.ddc.
[2018.07.25-12.29.25:882][  0]LogDerivedDataCache: Display: Loaded Boot cache: C:/Users/Alvarão/AppData/Local/UnrealEngine/4.19/DerivedDataCache/Boot.ddc
[2018.07.25-12.29.25:882][  0]LogDerivedDataCache: FDerivedDataBackendGraph:  Pak pak cache file ../../../../../Users/Alvarão/Documents/GitHub/Settings-Menu-UE4/SettingsMenu/DerivedDataCache/DDC.ddp not found, will not use a pak cache.
[2018.07.25-12.29.25:882][  0]LogDerivedDataCache: Unable to find inner node Pak for hierarchical cache Hierarchy.
[2018.07.25-12.29.25:882][  0]LogDerivedDataCache: FDerivedDataBackendGraph:  CompressedPak pak cache file ../../../../../Users/Alvarão/Documents/GitHub/Settings-Menu-UE4/SettingsMenu/DerivedDataCache/Compressed.ddp not found, will not use a pak cache.
[2018.07.25-12.29.25:882][  0]LogDerivedDataCache: Unable to find inner node CompressedPak for hierarchical cache Hierarchy.
[2018.07.25-12.29.25:927][  0]LogDerivedDataCache: Display: Pak cache opened for reading ../../../Engine/DerivedDataCache/Compressed.ddp.
[2018.07.25-12.29.25:943][  0]LogDerivedDataCache: Using Local data cache path C:/Users/Alvarão/AppData/Local/UnrealEngine/Common/DerivedDataCache: Writable
[2018.07.25-12.29.25:943][  0]LogDerivedDataCache: Shared data cache path not found in *engine.ini, will not use an Shared cache.
[2018.07.25-12.29.25:943][  0]LogDerivedDataCache: Unable to find inner node Shared for hierarchical cache Hierarchy.
[2018.07.25-12.29.25:971][  0]LogMaterial: Verifying Global Shaders for PCD3D_SM5
[2018.07.25-12.29.25:972][  0]LogSlate: Using Freetype 2.6.0
[2018.07.25-12.29.26:000][  0]LogSlate: SlateFontCache - WITH_FREETYPE: 1, WITH_HARFBUZZ: 1
[2018.07.25-12.29.26:000][  0]LogSlate: SlateFontCache - WITH_FREETYPE: 1, WITH_HARFBUZZ: 1
[2018.07.25-12.29.30:739][  0]LogAssetRegistry: FAssetRegistry took 0.0381 seconds to start up
[2018.07.25-12.29.31:690][  0]LogInit: Selected Device Profile: [Windows]
[2018.07.25-12.29.32:352][  0]LogSimplygon: Simplygon DLL not present - disabling.
[2018.07.25-12.29.32:362][  0]LogMeshReduction: Using SimplygonSwarm for distributed automatic mesh merging
[2018.07.25-12.29.32:362][  0]LogMeshReduction: Using QuadricMeshReduction for automatic static mesh reduction
[2018.07.25-12.29.32:362][  0]LogMeshReduction: No automatic skeletal mesh reduction module available
[2018.07.25-12.29.32:362][  0]LogMeshReduction: No automatic mesh merging module available
[2018.07.25-12.29.32:362][  0]LogMeshMerging: No automatic mesh merging module available
[2018.07.25-12.29.32:452][  0]LogNetVersion: SettingsMenu , NetCL: 3944462, EngineNetVer: 2, GameNetVer: 0 (Checksum: 587851584)
[2018.07.25-12.29.34:092][  0]LogPackageLocalizationCache: Processed 10 localized package path(s) for 1 prioritized culture(s) in 0.124397 seconds
[2018.07.25-12.29.34:107][  0]LogUObjectArray: 36728 objects as part of root set at end of initial load.
[2018.07.25-12.29.34:107][  0]LogUObjectAllocator: 7314304 out of 0 bytes used by permanent object pool.
[2018.07.25-12.29.34:107][  0]LogUObjectArray: CloseDisregardForGC: 0/0 objects in disregard for GC pool
[2018.07.25-12.29.42:204][  0]LogTcpMessaging: Initializing TcpMessaging bridge
[2018.07.25-12.29.42:296][  0]LogUdpMessaging: Initializing bridge on interface 0.0.0.0:0 to multicast group 230.0.0.1:6666.
[2018.07.25-12.29.42:932][  0]SourceControl: Source control is disabled
[2018.07.25-12.29.42:932][  0]SourceControl: Source control is disabled
[2018.07.25-12.29.42:962][  0]SourceControl: Source control is disabled
[2018.07.25-12.29.43:003][  0]SourceControl: Source control is disabled
[2018.07.25-12.29.43:959][  0]LogAndroidPermission: UAndroidPermissionCallbackProxy::GetInstance
[2018.07.25-12.29.44:182][  0]LogOcInput: OculusInput pre-init called
[2018.07.25-12.29.44:296][  0]LogLinker: Warning: Asset '../../Plugins/StreetMap/Content/StreetMapDefaultMaterial.uasset' has been saved with empty engine version. The asset will be loaded but may be incompatible.
[2018.07.25-12.29.44:445][  0]LogEngine: Initializing Engine...
[2018.07.25-12.29.44:447][  0]LogHMD: Failed to initialize OpenVR with code 110
[2018.07.25-12.29.44:449][  0]LogStats: UGameplayTagsManager::ConstructGameplayTagTree: Construct from data asset -  0.000 s
[2018.07.25-12.29.44:449][  0]LogStats: UGameplayTagsManager::ConstructGameplayTagTree: GameplayTagTreeChangedEvent.Broadcast -  0.000 s
[2018.07.25-12.29.44:919][  0]LogAIModule: Creating AISystem for world Untitled
[2018.07.25-12.29.44:967][  0]LogInit: XAudio2 using 'Fones de ouvido (Razer Kraken USB)' : 2 channels at 48 kHz using 16 bits per sample (channel mask 0x3)
[2018.07.25-12.29.45:022][  0]LogInit: FAudioDevice initialized.
[2018.07.25-12.29.45:297][  0]LogDerivedDataCache: Saved boot cache 0.28s 74MB C:/Users/Alvarão/AppData/Local/UnrealEngine/4.19/DerivedDataCache/Boot.ddc.
[2018.07.25-12.29.45:332][  0]LogInit: Texture streaming: Enabled
[2018.07.25-12.29.45:374][  0]LogEngineSessionManager: EngineSessionManager initialized
[2018.07.25-12.29.45:411][  0]LogInit: Transaction tracking system initialized
[2018.07.25-12.29.45:463][  0]BlueprintLog: New page: Editor Load
[2018.07.25-12.29.45:613][  0]LocalizationService: Localization service is disabled
[2018.07.25-12.29.45:813][  0]LogUObjectGlobals: Created PersistentFrame Addr=0x0000027bb9619a80, Size=64, Default__CreatingSigningCertAndProvisionTutorial_C Function /Engine/Tutorial/Mobile/CreatingSigningCertAndProvisionTutorial.CreatingSigningCertAndProvisionTutorial_C:ExecuteUbergraph_CreatingSigningCertAndProvisionTutorial
[2018.07.25-12.29.45:825][  0]LogUObjectGlobals: Destroyed PersistentFrame Addr=0x0000027bb9619a80, Size=64
[2018.07.25-12.29.45:826][  0]LogUObjectGlobals: Created PersistentFrame Addr=0x0000027bb9619ac0, Size=64, Default__CreatingSigningCertAndProvisionTutorial_C Function /Engine/Transient.REINST_CreatingSigningCertAndProvisionTutorial_C_1:ExecuteUbergraph_CreatingSigningCertAndProvisionTutorial
[2018.07.25-12.29.45:832][  0]LogUObjectGlobals: Created PersistentFrame Addr=0x0000027bb9660fc0, Size=64, Default__CreatingSigningCertAndProvisionTutorial_C Function /Engine/Tutorial/Mobile/CreatingSigningCertAndProvisionTutorial.CreatingSigningCertAndProvisionTutorial_C:ExecuteUbergraph_CreatingSigningCertAndProvisionTutorial
[2018.07.25-12.29.46:222][  0]LogConsoleResponse: Display: 
[2018.07.25-12.29.46:528][  0]LogCook: Display: Max memory allowance for cook 16384mb min free memory 0mb
[2018.07.25-12.29.46:528][  0]LogCook: Display: Mobile HDR setting 1
[2018.07.25-12.29.46:528][  0]LogGameplayTags: Display: UGameplayTagsManager::DoneAddingNativeTags. DelegateIsBound: 0
[2018.07.25-12.29.46:528][  0]LogStats: UGameplayTagsManager::ConstructGameplayTagTree: Construct from data asset -  0.000 s
[2018.07.25-12.29.46:528][  0]LogStats: UGameplayTagsManager::ConstructGameplayTagTree: GameplayTagTreeChangedEvent.Broadcast -  0.000 s
[2018.07.25-12.29.46:898][  0]LogFileCache: Scanning file cache for directory 'C:/Users/Alvarão/Documents/GitHub/Settings-Menu-UE4/SettingsMenu/Content/' took 0.02s
[2018.07.25-12.29.47:416][  0]SourceControl: Source control is disabled
[2018.07.25-12.29.47:416][  0]Cmd: MAP LOAD FILE="../../../../../Users/Alvarão/Documents/GitHub/Settings-Menu-UE4/SettingsMenu/Content/ThirdPersonBP/Maps/ThirdPersonExampleMap.umap" TEMPLATE=0 SHOWPROGRESS=1 FEATURELEVEL=3
[2018.07.25-12.29.47:423][  0]LightingResults: New page: Lighting Build
[2018.07.25-12.29.47:428][  0]MapCheck: New page: Map Check
[2018.07.25-12.29.47:428][  0]LightingResults: New page: Lighting Build
[2018.07.25-12.29.47:449][  0]LogUObjectGlobals: Destroyed PersistentFrame Addr=0x0000027bb9619ac0, Size=64
[2018.07.25-12.29.47:519][  0]LogUObjectGlobals: Created PersistentFrame Addr=0x0000027ba5c4b3c0, Size=64, Default__ThirdPerson_AnimBP_C Function /Game/Mannequin/Animations/ThirdPerson_AnimBP.ThirdPerson_AnimBP_C:ExecuteUbergraph_ThirdPerson_AnimBP
[2018.07.25-12.29.47:538][  0]LogUObjectGlobals: Destroyed PersistentFrame Addr=0x0000027ba5c4b3c0, Size=64
[2018.07.25-12.29.47:538][  0]LogUObjectGlobals: Created PersistentFrame Addr=0x0000027ba5c4b4c0, Size=64, Default__ThirdPerson_AnimBP_C Function /Engine/Transient.REINST_ThirdPerson_AnimBP_C_0:ExecuteUbergraph_ThirdPerson_AnimBP
[2018.07.25-12.29.47:551][  0]LogUObjectGlobals: Created PersistentFrame Addr=0x0000027ba5c021b0, Size=72, Default__ThirdPerson_AnimBP_C Function /Game/Mannequin/Animations/ThirdPerson_AnimBP.ThirdPerson_AnimBP_C:ExecuteUbergraph_ThirdPerson_AnimBP
[2018.07.25-12.29.47:624][  0]LogUObjectGlobals: Created PersistentFrame Addr=0x0000027b9a9bc700, Size=368, Default__ThirdPersonCharacter_C Function /Game/ThirdPersonBP/Blueprints/ThirdPersonCharacter.ThirdPersonCharacter_C:ExecuteUbergraph_ThirdPersonCharacter
[2018.07.25-12.29.47:626][  0]LogUObjectGlobals: Created PersistentFrame Addr=0x0000027ba5c01440, Size=72, Default__Menu_C Function /Game/SetingsMenu/Menu.Menu_C:ExecuteUbergraph_Menu
[2018.07.25-12.29.47:645][  0]LogUObjectGlobals: Created PersistentFrame Addr=0x0000027b9a97d080, Size=136, Default__SettigsMenu_C Function /Game/SetingsMenu/SettigsMenu.SettigsMenu_C:ExecuteUbergraph_SettigsMenu
[2018.07.25-12.29.47:688][  0]LogUObjectGlobals: Destroyed PersistentFrame Addr=0x0000027ba5c01440, Size=72
[2018.07.25-12.29.47:688][  0]LogUObjectGlobals: Created PersistentFrame Addr=0x0000027b9ac491c0, Size=72, Default__Menu_C Function /Engine/Transient.REINST_Menu_C_0:ExecuteUbergraph_Menu
[2018.07.25-12.29.47:690][  0]LogUObjectGlobals: Destroyed PersistentFrame Addr=0x0000027b9a97d080, Size=136
[2018.07.25-12.29.47:690][  0]LogUObjectGlobals: Created PersistentFrame Addr=0x0000027b9ac905e0, Size=136, Default__SettigsMenu_C Function /Engine/Transient.REINST_SettigsMenu_C_1:ExecuteUbergraph_SettigsMenu
[2018.07.25-12.29.47:691][  0]LogUObjectGlobals: Destroyed PersistentFrame Addr=0x0000027b9a9bc700, Size=368
[2018.07.25-12.29.47:691][  0]LogUObjectGlobals: Created PersistentFrame Addr=0x0000027b9acc6500, Size=368, Default__ThirdPersonCharacter_C Function /Engine/Transient.REINST_ThirdPersonCharacter_C_6:ExecuteUbergraph_ThirdPersonCharacter
[2018.07.25-12.29.47:714][  0]LogUObjectGlobals: Created PersistentFrame Addr=0x0000027b9ad9b650, Size=72, Default__Menu_C Function /Game/SetingsMenu/Menu.Menu_C:ExecuteUbergraph_Menu
[2018.07.25-12.29.47:721][  0]LogUObjectGlobals: Created PersistentFrame Addr=0x0000027b9ad96700, Size=136, Default__SettigsMenu_C Function /Game/SetingsMenu/SettigsMenu.SettigsMenu_C:ExecuteUbergraph_SettigsMenu
[2018.07.25-12.29.47:725][  0]LogUObjectGlobals: Created PersistentFrame Addr=0x0000027b9ada1780, Size=368, Default__ThirdPersonCharacter_C Function /Game/ThirdPersonBP/Blueprints/ThirdPersonCharacter.ThirdPersonCharacter_C:ExecuteUbergraph_ThirdPersonCharacter
[2018.07.25-12.29.48:046][  0]LogSkeletalMesh: Skeletal Mesh found in DDC [22.102877ms] /Game/Mannequin/Character/Mesh/SK_Mannequin.SK_Mannequin
[2018.07.25-12.29.48:317][  0]LogAIModule: Creating AISystem for world ThirdPersonExampleMap
[2018.07.25-12.29.48:338][  0]LogEditorServer: Finished looking for orphan Actors (0.000 secs)
[2018.07.25-12.29.48:375][  0]LogUObjectGlobals: Destroyed PersistentFrame Addr=0x0000027ba5c4b4c0, Size=64
[2018.07.25-12.29.48:375][  0]LogUObjectGlobals: Destroyed PersistentFrame Addr=0x0000027b9acc6500, Size=368
[2018.07.25-12.29.48:375][  0]LogUObjectGlobals: Destroyed PersistentFrame Addr=0x0000027b9ac491c0, Size=72
[2018.07.25-12.29.48:375][  0]LogUObjectGlobals: Destroyed PersistentFrame Addr=0x0000027b9ac905e0, Size=136
[2018.07.25-12.29.48:378][  0]Cmd: MAP CHECKDEP NOCLEARLOG
[2018.07.25-12.29.48:487][  0]MapCheck: Map check complete: 0 Error(s), 0 Warning(s), took 109,445ms to complete.
[2018.07.25-12.29.48:488][  0]LogFileHelpers: Loading map 'ThirdPersonExampleMap' took 1.071
[2018.07.25-12.29.48:703][  0]LogCollectionManager: Loaded 0 collections in 0.002959 seconds
[2018.07.25-12.29.48:724][  0]LogFileCache: Scanning file cache for directory 'C:/Users/Alvarão/Documents/GitHub/Settings-Menu-UE4/SettingsMenu/Saved/Collections/' took 0.01s
[2018.07.25-12.29.48:724][  0]LogFileCache: Scanning file cache for directory 'C:/Users/Alvarão/Documents/GitHub/Settings-Menu-UE4/SettingsMenu/Content/Developers/Alvarão/Collections/' took 0.00s
[2018.07.25-12.29.48:724][  0]LogFileCache: Scanning file cache for directory 'C:/Users/Alvarão/Documents/GitHub/Settings-Menu-UE4/SettingsMenu/Content/Collections/' took 0.00s
[2018.07.25-12.29.48:724][  0]LogCollectionManager: Rebuilt the GUID cache for 0 collections in 0.000001 seconds
[2018.07.25-12.29.48:740][  0]LogContentBrowser: Native class hierarchy populated in 0.0153 seconds. Added 2458 classes and 562 folders.
[2018.07.25-12.29.48:751][  0]LogContentBrowser: Native class hierarchy updated for 'WidgetCarousel' in 0.0003 seconds. Added 0 classes and 0 folders.
[2018.07.25-12.29.49:262][  0]LogContentBrowser: Native class hierarchy updated for 'AddContentDialog' in 0.0003 seconds. Added 0 classes and 0 folders.
[2018.07.25-12.29.49:270][  0]LogContentBrowser: Native class hierarchy updated for 'SceneOutliner' in 0.0004 seconds. Added 1 classes and 2 folders.
[2018.07.25-12.29.49:384][  0]LogSlate: Took 0.006619 seconds to synchronously load lazily loaded font '../../../Engine/Content/Slate/Fonts/Roboto-Regular.ttf' (155K)
[2018.07.25-12.29.49:394][  0]LogSlate: Took 0.006713 seconds to synchronously load lazily loaded font '../../../Engine/Content/Slate/Fonts/Roboto-Bold.ttf' (160K)
[2018.07.25-12.29.49:410][  0]LogSlate: Took 0.007059 seconds to synchronously load lazily loaded font '../../../Engine/Content/Editor/Slate/Fonts/FontAwesome.ttf' (139K)
[2018.07.25-12.29.49:637][  0]LogRenderer: Reallocating scene render targets to support 1164x576 Format 9 NumSamples 1 (Frame:1).
[2018.07.25-12.29.49:877][  0]LogContentBrowser: Native class hierarchy updated for 'HierarchicalLODOutliner' in 0.0003 seconds. Added 0 classes and 0 folders.
[2018.07.25-12.29.49:877][  0]LogLoad: (Engine Initialization) Total time: 41.28 seconds
[2018.07.25-12.29.49:877][  0]LogLoad: (Engine Initialization) Total Blueprint compile time: 0.00 seconds
[2018.07.25-12.29.49:924][  0]LogContentStreaming: Texture pool size now 400 MB
[2018.07.25-12.29.49:963][  0]LogSlate: Took 0.009631 seconds to synchronously load lazily loaded font '../../../Engine/Content/Slate/Fonts/Roboto-Light.ttf' (167K)
[2018.07.25-12.29.50:129][  2]LogAssetRegistry: Asset discovery search completed in 19.4182 seconds
[2018.07.25-12.29.50:132][  2]LogCollectionManager: Rebuilt the object cache for 0 collections in 0.000001 seconds (found 0 objects)
[2018.07.25-12.29.50:132][  2]LogCollectionManager: Fixed up redirectors for 0 collections in 0.000127 seconds (updated 0 objects)
[2018.07.25-12.29.53:551][124]LogSlate: FSceneViewport::OnFocusLost() reason 0
[2018.07.25-12.29.58:662][336]LogTemp: Repeating last play command: New Editor Window (PIE)
[2018.07.25-12.29.58:672][336]LogBlueprintUserMessages: Early PlayInEditor Detection: Level '/Game/ThirdPersonBP/Maps/ThirdPersonExampleMap.ThirdPersonExampleMap:PersistentLevel' has LevelScriptBlueprint '/Game/ThirdPersonBP/Maps/ThirdPersonExampleMap.ThirdPersonExampleMap:PersistentLevel.ThirdPersonExampleMap' with GeneratedClass '/Game/ThirdPersonBP/Maps/ThirdPersonExampleMap.ThirdPersonExampleMap_C' with ClassGeneratedBy '/Game/ThirdPersonBP/Maps/ThirdPersonExampleMap.ThirdPersonExampleMap:PersistentLevel.ThirdPersonExampleMap'
[2018.07.25-12.29.58:674][336]LogPlayLevel: PlayLevel: No blueprints needed recompiling
[2018.07.25-12.29.58:675][336]PIE: New page: PIE session: ThirdPersonExampleMap (25/07/2018 06:29:58)
[2018.07.25-12.29.58:675][336]LogPlayLevel: Creating play world package: /Game/ThirdPersonBP/Maps/UEDPIE_0_ThirdPersonExampleMap
[2018.07.25-12.29.58:722][336]LogPlayLevel: PIE: StaticDuplicateObject took: (0.047060s)
[2018.07.25-12.29.58:724][336]LogAIModule: Creating AISystem for world ThirdPersonExampleMap
[2018.07.25-12.29.58:725][336]LogPlayLevel: PIE: World Init took: (0.002540s)
[2018.07.25-12.29.58:725][336]LogPlayLevel: PIE: Created PIE world by copying editor world from /Game/ThirdPersonBP/Maps/ThirdPersonExampleMap.ThirdPersonExampleMap to /Game/ThirdPersonBP/Maps/UEDPIE_0_ThirdPersonExampleMap.ThirdPersonExampleMap (0.049874s)
[2018.07.25-12.29.58:747][336]LogInit: XAudio2 using 'Fones de ouvido (Razer Kraken USB)' : 2 channels at 48 kHz using 16 bits per sample (channel mask 0x3)
[2018.07.25-12.29.58:787][336]LogInit: FAudioDevice initialized.
[2018.07.25-12.29.58:861][336]LogLoad: Game class is 'MenuGameMode_C'
[2018.07.25-12.29.58:865][336]LogWorld: Bringing World /Game/ThirdPersonBP/Maps/UEDPIE_0_ThirdPersonExampleMap.ThirdPersonExampleMap up for play (max tick rate 0) at 2018.07.25-09.29.58
[2018.07.25-12.29.58:865][336]LogWorld: Bringing up level for play took: 0.002317
[2018.07.25-12.29.58:873][336]LogContentBrowser: Native class hierarchy updated for 'MovieSceneCapture' in 0.0004 seconds. Added 11 classes and 0 folders.
[2018.07.25-12.29.58:887][336]PIE: Play in editor start time for /Game/ThirdPersonBP/Maps/UEDPIE_0_ThirdPersonExampleMap 0,792
[2018.07.25-12.29.58:887][336]LogBlueprintUserMessages: Late PlayInEditor Detection: Level '/Game/ThirdPersonBP/Maps/ThirdPersonExampleMap.ThirdPersonExampleMap:PersistentLevel' has LevelScriptBlueprint '/Game/ThirdPersonBP/Maps/ThirdPersonExampleMap.ThirdPersonExampleMap:PersistentLevel.ThirdPersonExampleMap' with GeneratedClass '/Game/ThirdPersonBP/Maps/ThirdPersonExampleMap.ThirdPersonExampleMap_C' with ClassGeneratedBy '/Game/ThirdPersonBP/Maps/ThirdPersonExampleMap.ThirdPersonExampleMap:PersistentLevel.ThirdPersonExampleMap'
[2018.07.25-12.30.01:640][466]LogSlate: Window 'SettingsMenu Game Preview Standalone (64-bit/PCD3D_SM5)' being destroyed
[2018.07.25-12.30.01:646][466]LogBlueprintUserMessages: Early EndPlayMap Detection: Level '/Game/ThirdPersonBP/Maps/ThirdPersonExampleMap.ThirdPersonExampleMap:PersistentLevel' has LevelScriptBlueprint '/Game/ThirdPersonBP/Maps/ThirdPersonExampleMap.ThirdPersonExampleMap:PersistentLevel.ThirdPersonExampleMap' with GeneratedClass '/Game/ThirdPersonBP/Maps/ThirdPersonExampleMap.ThirdPersonExampleMap_C' with ClassGeneratedBy '/Game/ThirdPersonBP/Maps/ThirdPersonExampleMap.ThirdPersonExampleMap:PersistentLevel.ThirdPersonExampleMap'
[2018.07.25-12.30.01:686][466]LogBlueprintUserMessages: Late EndPlayMap Detection: Level '/Game/ThirdPersonBP/Maps/ThirdPersonExampleMap.ThirdPersonExampleMap:PersistentLevel' has LevelScriptBlueprint '/Game/ThirdPersonBP/Maps/ThirdPersonExampleMap.ThirdPersonExampleMap:PersistentLevel.ThirdPersonExampleMap' with GeneratedClass '/Game/ThirdPersonBP/Maps/ThirdPersonExampleMap.ThirdPersonExampleMap_C' with ClassGeneratedBy '/Game/ThirdPersonBP/Maps/ThirdPersonExampleMap.ThirdPersonExampleMap:PersistentLevel.ThirdPersonExampleMap'
[2018.07.25-12.30.02:991][517]LogSlate: Window 'SettingsMenu - Unreal Editor' being destroyed
[2018.07.25-12.30.02:992][517]LogWindowsTextInputMethodSystem: Display: IME system now deactivated.
[2018.07.25-12.30.03:286][518]Cmd: QUIT_EDITOR
[2018.07.25-12.30.03:613][518]LogSlate: Slate User Destroyed.  User Index 0, Is Virtual User: 0
[2018.07.25-12.30.03:614][518]LogExit: Preparing to exit.
[2018.07.25-12.30.04:415][518]LogDirectoryWatcher: A directory notification for 'C:/Users/Alvarão/Documents/GitHub/Settings-Menu-UE4/SettingsMenu/Content/' was aborted.
[2018.07.25-12.30.04:464][518]LogExit: Editor shut down
[2018.07.25-12.30.04:472][518]LogExit: Transaction tracking system shut down
[2018.07.25-12.30.04:472][518]LogUObjectGlobals: Destroyed PersistentFrame Addr=0x0000027bb9660fc0, Size=64
[2018.07.25-12.30.04:473][518]LogUObjectGlobals: Destroyed PersistentFrame Addr=0x0000027ba5c021b0, Size=72
[2018.07.25-12.30.04:474][518]LogUObjectGlobals: Destroyed PersistentFrame Addr=0x0000027b9ad9b650, Size=72
[2018.07.25-12.30.04:474][518]LogUObjectGlobals: Destroyed PersistentFrame Addr=0x0000027b9ad96700, Size=136
[2018.07.25-12.30.04:474][518]LogUObjectGlobals: Destroyed PersistentFrame Addr=0x0000027b9ada1780, Size=368
[2018.07.25-12.30.04:608][518]LogDirectoryWatcher: A directory notification for '../../../Engine/Content/' was aborted.
[2018.07.25-12.30.04:608][518]LogDirectoryWatcher: A directory notification for '../../../../../Users/Alvarão/Documents/GitHub/Settings-Menu-UE4/SettingsMenu/Content/' was aborted.
[2018.07.25-12.30.04:608][518]LogDirectoryWatcher: A directory notification for '../../Plugins/2D/Paper2D/Content/' was aborted.
[2018.07.25-12.30.04:608][518]LogDirectoryWatcher: A directory notification for '../../Plugins/Enterprise/DatasmithContent/Content/' was aborted.
[2018.07.25-12.30.04:608][518]LogDirectoryWatcher: A directory notification for '../../Plugins/Media/MediaCompositing/Content/' was aborted.
[2018.07.25-12.30.04:608][518]LogDirectoryWatcher: A directory notification for '../../Plugins/Runtime/AppleARKit/Content/' was aborted.
[2018.07.25-12.30.04:610][518]LogDirectoryWatcher: A directory notification for '../../Plugins/Runtime/Oculus/OculusVR/Content/' was aborted.
[2018.07.25-12.30.04:610][518]LogDirectoryWatcher: A directory notification for '../../Plugins/Runtime/Steam/SteamVR/Content/' was aborted.
[2018.07.25-12.30.04:610][518]LogDirectoryWatcher: A directory notification for '../../Plugins/StreetMap/Content/' was aborted.
[2018.07.25-12.30.04:778][518]LogExit: Object subsystem successfully closed.
[2018.07.25-12.30.04:800][518]LogShaderCompilers: Display: Shaders left to compile 0
[2018.07.25-12.30.04:804][518]LogD3D11RHI: Shutdown
[2018.07.25-12.30.04:804][518]LogD3D11RHI: CleanupD3DDevice
[2018.07.25-12.30.04:809][518]LogD3D11RHI: ~FD3D11DynamicRHI
[2018.07.25-12.30.04:842][518]LogModuleManager: Shutting down and abandoning module MovieSceneCapture (580)
[2018.07.25-12.30.04:842][518]LogModuleManager: Shutting down and abandoning module HierarchicalLODOutliner (578)
[2018.07.25-12.30.04:842][518]LogModuleManager: Shutting down and abandoning module SceneOutliner (576)
[2018.07.25-12.30.04:842][518]LogModuleManager: Shutting down and abandoning module AddContentDialog (574)
[2018.07.25-12.30.04:842][518]LogDirectoryWatcher: A directory notification for 'C:/Games/UE_4.19/FeaturePacks/' was aborted.
[2018.07.25-12.30.04:845][518]LogModuleManager: Shutting down and abandoning module WidgetCarousel (573)
[2018.07.25-12.30.04:845][518]LogModuleManager: Shutting down and abandoning module EditorWidgets (570)
[2018.07.25-12.30.04:845][518]LogModuleManager: Shutting down and abandoning module CollectionManager (568)
[2018.07.25-12.30.04:845][518]LogDirectoryWatcher: A directory notification for 'C:/Users/Alvarão/Documents/GitHub/Settings-Menu-UE4/SettingsMenu/Content/Collections/' was aborted.
[2018.07.25-12.30.04:845][518]LogDirectoryWatcher: A directory notification for 'C:/Users/Alvarão/Documents/GitHub/Settings-Menu-UE4/SettingsMenu/Content/Developers/Alvarão/Collections/' was aborted.
[2018.07.25-12.30.04:845][518]LogDirectoryWatcher: A directory notification for 'C:/Users/Alvarão/Documents/GitHub/Settings-Menu-UE4/SettingsMenu/Saved/Collections/' was aborted.
[2018.07.25-12.30.04:845][518]LogModuleManager: Shutting down and abandoning module StatsViewer (566)
[2018.07.25-12.30.04:845][518]LogModuleManager: Shutting down and abandoning module FoliageEdit (564)
[2018.07.25-12.30.04:845][518]LogModuleManager: Shutting down and abandoning module LandscapeEditor (562)
[2018.07.25-12.30.04:846][518]LogModuleManager: Shutting down and abandoning module MeshPaintMode (560)
[2018.07.25-12.30.04:846][518]LogModuleManager: Shutting down and abandoning module SceneDepthPickerMode (558)
[2018.07.25-12.30.04:846][518]LogModuleManager: Shutting down and abandoning module ActorPickerMode (556)
[2018.07.25-12.30.04:846][518]LogModuleManager: Shutting down and abandoning module GeometryMode (554)
[2018.07.25-12.30.04:846][518]LogModuleManager: Shutting down and abandoning module TextureAlignMode (552)
[2018.07.25-12.30.04:846][518]LogModuleManager: Shutting down and abandoning module BspMode (550)
[2018.07.25-12.30.04:846][518]LogModuleManager: Shutting down and abandoning module PIEPreviewDeviceProfileSelector (548)
[2018.07.25-12.30.04:846][518]LogModuleManager: Shutting down and abandoning module HardwareSurvey (546)
[2018.07.25-12.30.04:846][518]LogModuleManager: Shutting down and abandoning module SequenceRecorderSections (544)
[2018.07.25-12.30.04:846][518]LogModuleManager: Shutting down and abandoning module AutomationWorker (542)
[2018.07.25-12.30.04:846][518]LogModuleManager: Shutting down and abandoning module AudioCaptureEditor (540)
[2018.07.25-12.30.04:846][518]LogModuleManager: Shutting down and abandoning module SequenceRecorder (539)
[2018.07.25-12.30.04:846][518]LogModuleManager: Shutting down and abandoning module MatineeToLevelSequence (536)
[2018.07.25-12.30.04:846][518]LogModuleManager: Shutting down and abandoning module LevelSequenceEditor (534)
[2018.07.25-12.30.04:846][518]LogModuleManager: Shutting down and abandoning module PlacementMode (533)
[2018.07.25-12.30.04:846][518]LogModuleManager: Shutting down and abandoning module MaterialEditor (532)
[2018.07.25-12.30.04:846][518]LogModuleManager: Shutting down and abandoning module WmfMediaFactory (528)
[2018.07.25-12.30.04:846][518]LogModuleManager: Shutting down and abandoning module WmfMediaEditor (526)
[2018.07.25-12.30.04:846][518]LogModuleManager: Shutting down and abandoning module MediaPlayerEditor (524)
[2018.07.25-12.30.04:846][518]LogModuleManager: Shutting down and abandoning module OpenExrWrapper (522)
[2018.07.25-12.30.04:846][518]LogModuleManager: Shutting down and abandoning module ImgMediaFactory (520)
[2018.07.25-12.30.04:846][518]LogModuleManager: Shutting down and abandoning module ImgMediaEditor (518)
[2018.07.25-12.30.04:846][518]LogModuleManager: Shutting down and abandoning module AvfMediaFactory (516)
[2018.07.25-12.30.04:846][518]LogModuleManager: Shutting down and abandoning module AvfMediaEditor (514)
[2018.07.25-12.30.04:847][518]LogModuleManager: Shutting down and abandoning module AndroidMediaFactory (512)
[2018.07.25-12.30.04:847][518]LogModuleManager: Shutting down and abandoning module AndroidMediaEditor (510)
[2018.07.25-12.30.04:847][518]LogModuleManager: Shutting down and abandoning module CharacterAI (508)
[2018.07.25-12.30.04:847][518]LogModuleManager: Shutting down and abandoning module SmartSnapping (506)
[2018.07.25-12.30.04:847][518]LogModuleManager: Shutting down and abandoning module SessionServices (504)
[2018.07.25-12.30.04:847][518]LogModuleManager: Shutting down and abandoning module ViewportSnapping (502)
[2018.07.25-12.30.04:847][518]LogModuleManager: Shutting down and abandoning module ViewportInteraction (500)
[2018.07.25-12.30.04:847][518]LogModuleManager: Shutting down and abandoning module ClothPainter (498)
[2018.07.25-12.30.04:847][518]LogModuleManager: Shutting down and abandoning module SkeletalMeshEditor (497)
[2018.07.25-12.30.04:847][518]LogModuleManager: Shutting down and abandoning module LogVisualizer (494)
[2018.07.25-12.30.04:847][518]LogModuleManager: Shutting down and abandoning module IntroTutorials (492)
[2018.07.25-12.30.04:847][518]LogModuleManager: Shutting down and abandoning module GameProjectGeneration (491)
[2018.07.25-12.30.04:847][518]LogModuleManager: Shutting down and abandoning module IOSPlatformEditor (488)
[2018.07.25-12.30.04:847][518]LogModuleManager: Shutting down and abandoning module HTML5PlatformEditor (486)
[2018.07.25-12.30.04:847][518]LogModuleManager: Shutting down and abandoning module AndroidPlatformEditor (484)
[2018.07.25-12.30.04:847][518]LogModuleManager: Shutting down and abandoning module AndroidDeviceDetection (483)
[2018.07.25-12.30.05:740][518]LogModuleManager: Shutting down and abandoning module WindowsPlatformEditor (480)
[2018.07.25-12.30.05:740][518]LogModuleManager: Shutting down and abandoning module IOSRuntimeSettings (478)
[2018.07.25-12.30.05:740][518]LogModuleManager: Shutting down and abandoning module AndroidRuntimeSettings (476)
[2018.07.25-12.30.05:741][518]LogModuleManager: Shutting down and abandoning module InputBindingEditor (474)
[2018.07.25-12.30.05:741][518]LogModuleManager: Shutting down and abandoning module MergeActors (472)
[2018.07.25-12.30.05:741][518]LogModuleManager: Shutting down and abandoning module LocalizationDashboard (470)
[2018.07.25-12.30.05:742][518]LogModuleManager: Shutting down and abandoning module LocalizationService (469)
[2018.07.25-12.30.05:742][518]LogModuleManager: Shutting down and abandoning module HardwareTargeting (466)
[2018.07.25-12.30.05:742][518]LogModuleManager: Shutting down and abandoning module DeviceProfileEditor (464)
[2018.07.25-12.30.05:742][518]LogModuleManager: Shutting down and abandoning module UndoHistory (462)
[2018.07.25-12.30.05:742][518]LogModuleManager: Shutting down and abandoning module XmlParser (460)
[2018.07.25-12.30.05:742][518]LogModuleManager: Shutting down and abandoning module Blutility (458)
[2018.07.25-12.30.05:743][518]LogModuleManager: Shutting down and abandoning module ProjectSettingsViewer (456)
[2018.07.25-12.30.05:743][518]LogModuleManager: Shutting down and abandoning module ProjectTargetPlatformEditor (455)
[2018.07.25-12.30.05:743][518]LogModuleManager: Shutting down and abandoning module EditorSettingsViewer (452)
[2018.07.25-12.30.05:743][518]LogModuleManager: Shutting down and abandoning module SettingsEditor (450)
[2018.07.25-12.30.05:743][518]LogModuleManager: Shutting down and abandoning module ProjectLauncher (448)
[2018.07.25-12.30.05:743][518]LogModuleManager: Shutting down and abandoning module SessionFrontend (446)
[2018.07.25-12.30.05:743][518]LogModuleManager: Shutting down and abandoning module ProfilerClient (444)
[2018.07.25-12.30.05:743][518]LogModuleManager: Shutting down and abandoning module DeviceManager (442)
[2018.07.25-12.30.05:743][518]LogModuleManager: Shutting down and abandoning module TargetDeviceServices (441)
[2018.07.25-12.30.05:815][518]LogModuleManager: Shutting down and abandoning module AutomationController (438)
[2018.07.25-12.30.05:815][518]LogModuleManager: Shutting down and abandoning module AutomationWindow (436)
[2018.07.25-12.30.05:815][518]LogModuleManager: Shutting down and abandoning module Layers (434)
[2018.07.25-12.30.05:815][518]LogModuleManager: Shutting down and abandoning module ComponentVisualizers (432)
[2018.07.25-12.30.05:815][518]LogModuleManager: Shutting down and abandoning module DetailCustomizations (430)
[2018.07.25-12.30.05:815][518]LogModuleManager: Shutting down and abandoning module PackagesDialog (428)
[2018.07.25-12.30.05:815][518]LogModuleManager: Shutting down and abandoning module Persona (426)
[2018.07.25-12.30.05:815][518]LogModuleManager: Shutting down and abandoning module AdvancedPreviewScene (425)
[2018.07.25-12.30.05:818][518]LogModuleManager: Shutting down and abandoning module AnimGraph (423)
[2018.07.25-12.30.05:818][518]LogModuleManager: Shutting down and abandoning module Kismet (420)
[2018.07.25-12.30.05:819][518]LogModuleManager: Shutting down and abandoning module GraphEditor (418)
[2018.07.25-12.30.05:819][518]LogModuleManager: Shutting down and abandoning module ClassViewer (416)
[2018.07.25-12.30.05:819][518]LogModuleManager: Shutting down and abandoning module Toolbox (414)
[2018.07.25-12.30.05:820][518]LogModuleManager: Shutting down and abandoning module ModuleUI (412)
[2018.07.25-12.30.05:820][518]LogModuleManager: Shutting down and abandoning module MovieSceneTools (410)
[2018.07.25-12.30.05:820][518]LogModuleManager: Shutting down and abandoning module OutputLog (408)
[2018.07.25-12.30.05:820][518]LogModuleManager: Shutting down and abandoning module GammaUI (406)
[2018.07.25-12.30.05:822][518]LogModuleManager: Shutting down and abandoning module Documentation (404)
[2018.07.25-12.30.05:822][518]LogModuleManager: Shutting down and abandoning module MovieSceneTracks (402)
[2018.07.25-12.30.05:822][518]LogModuleManager: Shutting down and abandoning module MovieScene (400)
[2018.07.25-12.30.05:822][518]LogModuleManager: Shutting down and abandoning module StreamingPauseRendering (398)
[2018.07.25-12.30.05:822][518]LogModuleManager: Shutting down and abandoning module LauncherPlatform (396)
[2018.07.25-12.30.05:822][518]LogModuleManager: Shutting down and abandoning module AnalyticsET (394)
[2018.07.25-12.30.05:822][518]LogModuleManager: Shutting down and abandoning module PortalServices (392)
[2018.07.25-12.30.05:822][518]LogModuleManager: Shutting down and abandoning module PortalRpc (390)
[2018.07.25-12.30.05:822][518]LogModuleManager: Shutting down and abandoning module MessagingRpc (388)
[2018.07.25-12.30.05:822][518]LogModuleManager: Shutting down and abandoning module AIModule (386)
[2018.07.25-12.30.05:822][518]LogModuleManager: Shutting down and abandoning module GameplayDebugger (385)
[2018.07.25-12.30.05:822][518]LogModuleManager: Shutting down and abandoning module AITestSuite (383)
[2018.07.25-12.30.05:822][518]LogModuleManager: Shutting down and abandoning module DesktopPlatform (380)
[2018.07.25-12.30.05:822][518]LogModuleManager: Shutting down and abandoning module ProfilerService (378)
[2018.07.25-12.30.05:965][518]LogModuleManager: Shutting down and abandoning module TaskGraph (376)
[2018.07.25-12.30.05:965][518]LogModuleManager: Shutting down and abandoning module StreetMapImporting (374)
[2018.07.25-12.30.05:966][518]LogModuleManager: Shutting down and abandoning module StreetMapRuntime (372)
[2018.07.25-12.30.05:966][518]LogModuleManager: Shutting down and abandoning module SteamVRController (370)
[2018.07.25-12.30.05:966][518]LogModuleManager: Shutting down and abandoning module ProceduralMeshComponentEditor (368)
[2018.07.25-12.30.05:966][518]LogModuleManager: Shutting down and abandoning module ProceduralMeshComponent (366)
[2018.07.25-12.30.05:966][518]LogModuleManager: Shutting down and abandoning module OculusInput (364)
[2018.07.25-12.30.05:966][518]LogModuleManager: Shutting down and abandoning module MobilePatchingUtils (362)
[2018.07.25-12.30.05:966][518]LogModuleManager: Shutting down and abandoning module CustomMeshComponent (360)
[2018.07.25-12.30.05:966][518]LogModuleManager: Shutting down and abandoning module CableComponent (358)
[2018.07.25-12.30.05:968][518]LogModuleManager: Shutting down and abandoning module AudioCapture (356)
[2018.07.25-12.30.05:968][518]LogModuleManager: Shutting down and abandoning module ArchVisCharacter (354)
[2018.07.25-12.30.05:968][518]LogModuleManager: Shutting down and abandoning module AndroidPermission (352)
[2018.07.25-12.30.05:968][518]LogModuleManager: Shutting down and abandoning module NUTUnrealEngine4 (348)
[2018.07.25-12.30.05:968][518]LogModuleManager: Shutting down and abandoning module NetcodeUnitTest (346)
[2018.07.25-12.30.05:970][518]LogModuleManager: Shutting down and abandoning module MediaCompositingEditor (344)
[2018.07.25-12.30.05:970][518]LogModuleManager: Shutting down and abandoning module MediaCompositing (342)
[2018.07.25-12.30.05:970][518]LogModuleManager: Shutting down and abandoning module LinearTimecode (340)
[2018.07.25-12.30.05:970][518]LogModuleManager: Shutting down and abandoning module ImgMedia (338)
[2018.07.25-12.30.05:981][518]LogModuleManager: Shutting down and abandoning module HTML5Networking (336)
[2018.07.25-12.30.05:981][518]LogModuleManager: Shutting down and abandoning module AlembicImporter (334)
[2018.07.25-12.30.05:981][518]LogModuleManager: Shutting down and abandoning module AlembicLibrary (333)
[2018.07.25-12.30.05:981][518]LogModuleManager: Shutting down and abandoning module GeometryCache (332)
[2018.07.25-12.30.05:981][518]LogModuleManager: Shutting down and abandoning module GeometryCacheEd (331)
[2018.07.25-12.30.05:981][518]LogModuleManager: Shutting down and abandoning module DatasmithContent (326)
[2018.07.25-12.30.05:981][518]LogModuleManager: Shutting down and abandoning module SpeedTreeImporter (324)
[2018.07.25-12.30.05:982][518]LogModuleManager: Shutting down and abandoning module PluginBrowser (322)
[2018.07.25-12.30.05:982][518]LogModuleManager: Shutting down and abandoning module MobileLauncherProfileWizard (320)
[2018.07.25-12.30.05:982][518]LogModuleManager: Shutting down and abandoning module CryptoKeysOpenSSL (318)
[2018.07.25-12.30.05:982][518]LogModuleManager: Shutting down and abandoning module CryptoKeys (316)
[2018.07.25-12.30.05:982][518]LogModuleManager: Shutting down and abandoning module VisualStudioSourceCodeAccess (314)
[2018.07.25-12.30.05:982][518]LogModuleManager: Shutting down and abandoning module VisualStudioCodeSourceCodeAccess (312)
[2018.07.25-12.30.05:982][518]LogModuleManager: Shutting down and abandoning module UObjectPlugin (310)
[2018.07.25-12.30.05:983][518]LogModuleManager: Shutting down and abandoning module SubversionSourceControl (308)
[2018.07.25-12.30.05:983][518]LogModuleManager: Shutting down and abandoning module PerforceSourceControl (306)
[2018.07.25-12.30.05:983][518]LogModuleManager: Shutting down and abandoning module GitSourceControl (304)
[2018.07.25-12.30.05:983][518]LogModuleManager: Shutting down and abandoning module SourceControl (303)
[2018.07.25-12.30.05:983][518]LogModuleManager: Shutting down and abandoning module CLionSourceCodeAccess (300)
[2018.07.25-12.30.05:983][518]LogModuleManager: Shutting down and abandoning module LightPropagationVolumeEditor (298)
[2018.07.25-12.30.05:983][518]LogModuleManager: Shutting down and abandoning module PaperTiledImporter (296)
[2018.07.25-12.30.05:983][518]LogModuleManager: Shutting down and abandoning module PaperSpriteSheetImporter (294)
[2018.07.25-12.30.05:983][518]LogModuleManager: Shutting down and abandoning module Paper2DEditor (292)
[2018.07.25-12.30.05:983][518]LogModuleManager: Shutting down and abandoning module MeshPaint (291)
[2018.07.25-12.30.05:983][518]LogModuleManager: Shutting down and abandoning module RuntimePhysXCooking (288)
[2018.07.25-12.30.05:983][518]LogModuleManager: Shutting down and abandoning module PhysXVehiclesEditor (286)
[2018.07.25-12.30.05:983][518]LogModuleManager: Shutting down and abandoning module PhysXVehicles (284)
[2018.07.25-12.30.05:983][518]LogModuleManager: Shutting down and abandoning module OculusEditor (282)
[2018.07.25-12.30.05:983][518]LogModuleManager: Shutting down and abandoning module LocationServicesBPLibrary (280)
[2018.07.25-12.30.05:983][518]LogModuleManager: Shutting down and abandoning module ImmediatePhysicsEditor (278)
[2018.07.25-12.30.05:983][518]LogModuleManager: Shutting down and abandoning module ImmediatePhysics (276)
[2018.07.25-12.30.05:983][518]LogModuleManager: Shutting down and abandoning module ActorSequence (274)
[2018.07.25-12.30.05:983][518]LogModuleManager: Shutting down and abandoning module UdpMessaging (272)
[2018.07.25-12.30.06:084][518]LogModuleManager: Shutting down and abandoning module TcpMessaging (270)
[2018.07.25-12.30.06:189][518]LogModuleManager: Shutting down and abandoning module GameplayTagsEditor (268)
[2018.07.25-12.30.06:190][518]LogModuleManager: Shutting down and abandoning module FacialAnimationEditor (266)
[2018.07.25-12.30.06:190][518]LogModuleManager: Shutting down and abandoning module FacialAnimation (264)
[2018.07.25-12.30.06:190][518]LogModuleManager: Shutting down and abandoning module DataValidation (262)
[2018.07.25-12.30.06:190][518]LogModuleManager: Shutting down and abandoning module AssetManagerEditor (260)
[2018.07.25-12.30.06:190][518]LogModuleManager: Shutting down and abandoning module LevelEditor (259)
[2018.07.25-12.30.06:207][518]LogModuleManager: Shutting down and abandoning module PixelInspectorModule (258)
[2018.07.25-12.30.06:207][518]LogModuleManager: Shutting down and abandoning module CommonMenuExtensions (256)
[2018.07.25-12.30.06:208][518]LogModuleManager: Shutting down and abandoning module MainFrame (254)
[2018.07.25-12.30.06:208][518]LogModuleManager: Shutting down and abandoning module HotReload (253)
[2018.07.25-12.30.06:214][518]LogModuleManager: Shutting down and abandoning module ContentBrowser (249)
[2018.07.25-12.30.06:217][518]LogModuleManager: Shutting down and abandoning module TreeMap (247)
[2018.07.25-12.30.06:217][518]LogModuleManager: Shutting down and abandoning module LightPropagationVolumeRuntime (244)
[2018.07.25-12.30.06:217][518]LogModuleManager: Shutting down and abandoning module LiveLinkEditor (242)
[2018.07.25-12.30.06:217][518]LogModuleManager: Shutting down and abandoning module LiveLink (240)
[2018.07.25-12.30.06:531][518]LogModuleManager: Shutting down and abandoning module Paper2D (238)
[2018.07.25-12.30.06:531][518]LogModuleManager: Shutting down and abandoning module WindowsMoviePlayer (236)
[2018.07.25-12.30.06:531][518]LogModuleManager: Shutting down and abandoning module WmfMedia (234)
[2018.07.25-12.30.06:531][518]LogModuleManager: Shutting down and abandoning module Media (233)
[2018.07.25-12.30.06:540][518]LogModuleManager: Shutting down and abandoning module PacketHandler (230)
[2018.07.25-12.30.06:540][518]LogModuleManager: Shutting down and abandoning module ClothingSystemEditor (228)
[2018.07.25-12.30.06:540][518]LogModuleManager: Shutting down and abandoning module ClothingSystemRuntime (226)
[2018.07.25-12.30.06:540][518]LogModuleManager: Shutting down and abandoning module MediaAssets (224)
[2018.07.25-12.30.06:540][518]LogModuleManager: Shutting down and abandoning module Overlay (222)
[2018.07.25-12.30.06:540][518]LogModuleManager: Shutting down and abandoning module OverlayEditor (221)
[2018.07.25-12.30.06:540][518]LogModuleManager: Shutting down and abandoning module VREditor (218)
[2018.07.25-12.30.06:541][518]LogModuleManager: Shutting down and abandoning module StringTableEditor (216)
[2018.07.25-12.30.06:541][518]LogModuleManager: Shutting down and abandoning module GameplayTasksEditor (214)
[2018.07.25-12.30.06:541][518]LogModuleManager: Shutting down and abandoning module BehaviorTreeEditor (212)
[2018.07.25-12.30.06:541][518]LogModuleManager: Shutting down and abandoning module FunctionalTesting (210)
[2018.07.25-12.30.06:541][518]LogModuleManager: Shutting down and abandoning module CollisionAnalyzer (208)
[2018.07.25-12.30.06:541][518]LogModuleManager: Shutting down and abandoning module WorkspaceMenuStructure (207)
[2018.07.25-12.30.06:541][518]LogModuleManager: Shutting down and abandoning module UMG (204)
[2018.07.25-12.30.06:541][518]LogModuleManager: Shutting down and abandoning module UMGEditor (203)
[2018.07.25-12.30.06:541][518]LogModuleManager: Shutting down and abandoning module Sequencer (202)
[2018.07.25-12.30.06:541][518]LogModuleManager: Shutting down and abandoning module MessageLog (199)
[2018.07.25-12.30.06:541][518]LogModuleManager: Shutting down and abandoning module SlateReflector (194)
[2018.07.25-12.30.06:541][518]LogModuleManager: Shutting down and abandoning module Slate (192)
[2018.07.25-12.30.06:541][518]LogModuleManager: Shutting down and abandoning module EditorStyle (190)
[2018.07.25-12.30.06:547][518]LogModuleManager: Shutting down and abandoning module MRMesh (188)
[2018.07.25-12.30.06:547][518]LogModuleManager: Shutting down and abandoning module SourceCodeAccess (186)
[2018.07.25-12.30.06:547][518]LogModuleManager: Shutting down and abandoning module HeadMountedDisplay (184)
[2018.07.25-12.30.06:547][518]LogModuleManager: Shutting down and abandoning module XAudio2 (182)
[2018.07.25-12.30.06:547][518]LogModuleManager: Shutting down and abandoning module Networking (180)
[2018.07.25-12.30.06:547][518]LogModuleManager: Shutting down and abandoning module Core (178)
[2018.07.25-12.30.06:547][518]LogModuleManager: Shutting down and abandoning module LevelSequence (176)
[2018.07.25-12.30.06:547][518]LogModuleManager: Shutting down and abandoning module KismetCompiler (174)
[2018.07.25-12.30.06:547][518]LogModuleManager: Shutting down and abandoning module MeshUtilities (172)
[2018.07.25-12.30.06:547][518]LogModuleManager: Shutting down and abandoning module MeshMergeUtilities (171)
[2018.07.25-12.30.06:547][518]LogModuleManager: Shutting down and abandoning module MeshReductionInterface (170)
[2018.07.25-12.30.06:547][518]LogModuleManager: Shutting down and abandoning module SimplygonSwarm (169)
[2018.07.25-12.30.06:547][518]LogModuleManager: Shutting down and abandoning module SimplygonMeshReduction (167)
[2018.07.25-12.30.06:547][518]LogModuleManager: Shutting down and abandoning module QuadricMeshReduction (165)
[2018.07.25-12.30.06:547][518]LogModuleManager: Shutting down and abandoning module MaterialBaking (161)
[2018.07.25-12.30.06:547][518]LogModuleManager: Shutting down and abandoning module DirectoryWatcher (157)
[2018.07.25-12.30.06:550][518]LogModuleManager: Shutting down and abandoning module DerivedDataCache (154)
[2018.07.25-12.30.06:561][518]LogDerivedDataCache: Shutdown
[2018.07.25-12.30.06:561][518]LogModuleManager: Shutting down and abandoning module XGEController (152)
[2018.07.25-12.30.06:561][518]LogXGEController: Cleaning working directory: C:/Users/Alvarão/AppData/Local/Temp/UnrealXGEWorkingDir/
[2018.07.25-12.30.06:561][518]LogModuleManager: Shutting down and abandoning module TargetPlatform (150)
[2018.07.25-12.30.06:561][518]LogModuleManager: Shutting down and abandoning module VulkanShaderFormat (149)
[2018.07.25-12.30.06:562][518]LogModuleManager: Shutting down and abandoning module ShaderFormatVectorVM (147)
[2018.07.25-12.30.06:562][518]LogModuleManager: Shutting down and abandoning module ShaderFormatOpenGL (145)
[2018.07.25-12.30.06:562][518]LogModuleManager: Shutting down and abandoning module ShaderFormatD3D (143)
[2018.07.25-12.30.06:562][518]LogModuleManager: Shutting down and abandoning module MetalShaderFormat (141)
[2018.07.25-12.30.06:562][518]LogModuleManager: Shutting down and abandoning module TextureFormatUncompressed (139)
[2018.07.25-12.30.06:562][518]LogModuleManager: Shutting down and abandoning module TextureFormatPVR (137)
[2018.07.25-12.30.06:562][518]LogModuleManager: Shutting down and abandoning module TextureFormatDXT (135)
[2018.07.25-12.30.06:562][518]LogModuleManager: Shutting down and abandoning module TextureFormatIntelISPCTexComp (133)
[2018.07.25-12.30.06:562][518]LogModuleManager: Shutting down and abandoning module TextureFormatASTC (131)
[2018.07.25-12.30.06:562][518]LogModuleManager: Shutting down and abandoning module ImageWrapper (130)
[2018.07.25-12.30.06:562][518]LogModuleManager: Shutting down and abandoning module TextureFormatAndroid (127)
[2018.07.25-12.30.06:562][518]LogModuleManager: Shutting down and abandoning module AudioFormatOpus (125)
[2018.07.25-12.30.06:562][518]LogModuleManager: Shutting down and abandoning module AudioFormatOgg (123)
[2018.07.25-12.30.06:562][518]LogModuleManager: Shutting down and abandoning module AudioFormatADPCM (121)
[2018.07.25-12.30.06:562][518]LogModuleManager: Shutting down and abandoning module LinuxTargetPlatform (119)
[2018.07.25-12.30.06:562][518]LogModuleManager: Shutting down and abandoning module LinuxServerTargetPlatform (117)
[2018.07.25-12.30.06:562][518]LogModuleManager: Shutting down and abandoning module LinuxNoEditorTargetPlatform (115)
[2018.07.25-12.30.06:562][518]LogModuleManager: Shutting down and abandoning module LinuxClientTargetPlatform (113)
[2018.07.25-12.30.06:562][518]LogModuleManager: Shutting down and abandoning module TVOSTargetPlatform (111)
[2018.07.25-12.30.06:562][518]LogModuleManager: Shutting down and abandoning module Messaging (109)
[2018.07.25-12.30.06:562][518]LogModuleManager: Shutting down and abandoning module IOSTargetPlatform (107)
[2018.07.25-12.30.06:562][518]LogModuleManager: Shutting down and abandoning module HTML5TargetPlatform (105)
[2018.07.25-12.30.06:562][518]LogModuleManager: Shutting down and abandoning module AndroidTargetPlatform (103)
[2018.07.25-12.30.06:562][518]LogModuleManager: Shutting down and abandoning module Android_PVRTCTargetPlatform (101)
[2018.07.25-12.30.06:562][518]LogModuleManager: Shutting down and abandoning module Android_MultiTargetPlatform (99)
[2018.07.25-12.30.06:562][518]LogModuleManager: Shutting down and abandoning module Android_ETC2TargetPlatform (97)
[2018.07.25-12.30.06:562][518]LogModuleManager: Shutting down and abandoning module Android_ETC1TargetPlatform (95)
[2018.07.25-12.30.06:562][518]LogModuleManager: Shutting down and abandoning module Android_ETC1aTargetPlatform (93)
[2018.07.25-12.30.06:562][518]LogModuleManager: Shutting down and abandoning module Android_DXTTargetPlatform (91)
[2018.07.25-12.30.06:562][518]LogModuleManager: Shutting down and abandoning module Android_ATCTargetPlatform (89)
[2018.07.25-12.30.06:562][518]LogModuleManager: Shutting down and abandoning module Android_ASTCTargetPlatform (87)
[2018.07.25-12.30.06:562][518]LogModuleManager: Shutting down and abandoning module WindowsTargetPlatform (85)
[2018.07.25-12.30.06:562][518]LogModuleManager: Shutting down and abandoning module WindowsServerTargetPlatform (83)
[2018.07.25-12.30.06:562][518]LogModuleManager: Shutting down and abandoning module WindowsNoEditorTargetPlatform (81)
[2018.07.25-12.30.06:562][518]LogModuleManager: Shutting down and abandoning module WindowsClientTargetPlatform (79)
[2018.07.25-12.30.06:562][518]LogModuleManager: Shutting down and abandoning module MacTargetPlatform (77)
[2018.07.25-12.30.06:562][518]LogModuleManager: Shutting down and abandoning module MacServerTargetPlatform (75)
[2018.07.25-12.30.06:563][518]LogModuleManager: Shutting down and abandoning module MacNoEditorTargetPlatform (73)
[2018.07.25-12.30.06:563][518]LogModuleManager: Shutting down and abandoning module MacClientTargetPlatform (71)
[2018.07.25-12.30.06:563][518]LogModuleManager: Shutting down and abandoning module AllDesktopTargetPlatform (69)
[2018.07.25-12.30.06:563][518]LogModuleManager: Shutting down and abandoning module InputCore (66)
[2018.07.25-12.30.06:563][518]LogModuleManager: Shutting down and abandoning module Settings (64)
[2018.07.25-12.30.06:563][518]LogModuleManager: Shutting down and abandoning module PhysXCooking (62)
[2018.07.25-12.30.06:563][518]LogModuleManager: Shutting down and abandoning module SteamVR (60)
[2018.07.25-12.30.06:563][518]LogModuleManager: Shutting down and abandoning module OculusHMD (58)
[2018.07.25-12.30.06:563][518]LogModuleManager: Shutting down and abandoning module ExampleDeviceProfileSelector (56)
[2018.07.25-12.30.06:563][518]LogModuleManager: Shutting down and abandoning module AppleARKit (54)
[2018.07.25-12.30.06:563][518]LogModuleManager: Shutting down and abandoning module AugmentedReality (51)
[2018.07.25-12.30.06:563][518]LogModuleManager: Shutting down and abandoning module OnlineBlueprintSupport (48)
[2018.07.25-12.30.06:563][518]LogModuleManager: Shutting down and abandoning module OnlineSubsystem (44)
[2018.07.25-12.30.06:563][518]LogModuleManager: Shutting down and abandoning module XMPP (43)
[2018.07.25-12.30.06:563][518]LogModuleManager: Shutting down and abandoning module HTTP (41)
[2018.07.25-12.30.06:563][518]LogHttp: Display: Http module shutting down, but needs to wait on 1 outstanding Http requests:
[2018.07.25-12.30.06:563][518]LogHttp: Display: 	verb=[POST] url=[https://datarouter.ol.epicgames.com/datarouter/api/v1/public/data?SessionID=%7B92ABF809-4884-136F-28C4-3EBA026BEF97%7D&AppID=UEEditor.Rocket.Release&AppVersion=4.19.2-4033788%2B%2B%2BUE4%2BRelease-4.19&UserID=15bc3f684bfb1b663bbe1ca1762551f5%7Cd36ab970a3954631951bc966752cc857%7C976d8a6a-ec0a-4457-a8b9-8c3a53089030&AppEnvironment=datacollector-binary&UploadType=eteventstream] status=Processing
[2018.07.25-12.30.06:583][518]LogModuleManager: Shutting down and abandoning module SSL (40)
[2018.07.25-12.30.06:584][518]LogModuleManager: Shutting down and abandoning module AnimationModifiers (36)
[2018.07.25-12.30.06:585][518]LogModuleManager: Shutting down and abandoning module PropertyEditor (35)
[2018.07.25-12.30.06:585][518]LogModuleManager: Shutting down and abandoning module AudioEditor (32)
[2018.07.25-12.30.06:585][518]LogModuleManager: Shutting down and abandoning module TextureCompressor (30)
[2018.07.25-12.30.06:585][518]LogModuleManager: Shutting down and abandoning module ShaderCore (28)
[2018.07.25-12.30.06:585][518]LogModuleManager: Shutting down and abandoning module Landscape (26)
[2018.07.25-12.30.06:585][518]LogModuleManager: Shutting down and abandoning module SlateRHIRenderer (24)
[2018.07.25-12.30.06:586][518]LogModuleManager: Shutting down and abandoning module OpenGLDrv (22)
[2018.07.25-12.30.06:586][518]LogModuleManager: Shutting down and abandoning module D3D11RHI (20)
[2018.07.25-12.30.06:586][518]LogModuleManager: Shutting down and abandoning module AnimGraphRuntime (18)
[2018.07.25-12.30.06:586][518]LogModuleManager: Shutting down and abandoning module Renderer (16)
[2018.07.25-12.30.06:587][518]LogModuleManager: Shutting down and abandoning module Engine (14)
[2018.07.25-12.30.06:587][518]LogModuleManager: Shutting down and abandoning module CoreUObject (12)
[2018.07.25-12.30.06:587][518]LogModuleManager: Shutting down and abandoning module NetworkFile (10)
[2018.07.25-12.30.06:587][518]LogModuleManager: Shutting down and abandoning module CookedIterativeFile (8)
[2018.07.25-12.30.06:587][518]LogModuleManager: Shutting down and abandoning module StreamingFile (6)
[2018.07.25-12.30.06:587][518]LogModuleManager: Shutting down and abandoning module SandboxFile (4)
[2018.07.25-12.30.06:587][518]LogModuleManager: Shutting down and abandoning module PakFile (2)
[2018.07.25-12.30.06:592][518]LogExit: Exiting.
[2018.07.25-12.30.06:618][518]Log file closed, 07/25/18 09:30:06
